[2026-01-12 18:34:27] Starting Trading Bot 4.0 (Parallel + Reporting)...
[2026-01-12 18:34:27] Analyzing EFR.TO...
[2026-01-12 18:34:27] Analyzing PLPC...
[2026-01-12 18:34:27] Analyzing OUST...
[2026-01-12 18:34:30] Insufficient Data for PLPC
[2026-01-12 18:34:30] Insufficient Data for OUST
[2026-01-12 18:34:30] Insufficient Data for EFR.TO
[2026-01-12 18:34:30] Analysis Complete. Generating Reports...
[2026-01-12 18:34:30] Reports saved to report.csv and report.html
[2026-01-12 18:36:44] Starting Trading Bot 4.0 (Parallel + Reporting)...
[2026-01-12 18:36:44] Analyzing PLPC...
[2026-01-12 18:36:44] Analyzing EFR.TO...
[2026-01-12 18:36:44] Analyzing OUST...
[2026-01-12 18:36:47] Insufficient Data for OUST
[2026-01-12 18:36:47] Insufficient Data for EFR.TO
[2026-01-12 18:36:47] Insufficient Data for PLPC
[2026-01-12 18:36:47] Analysis Complete. Generating Reports...
[2026-01-12 18:36:47] Reports saved to report.csv and report.html
[2026-01-12 18:47:02] Starting Trading Bot 4.0 (Parallel + Reporting)...
[2026-01-12 18:47:03] Analyzing EFR.TO...
[2026-01-12 18:47:03] Analyzing PLPC...
[2026-01-12 18:47:03] Analyzing OUST...
[2026-01-12 18:47:03] Insufficient Data for OUST
[2026-01-12 18:47:03] Insufficient Data for PLPC
[2026-01-12 18:47:03] Insufficient Data for EFR.TO
[2026-01-12 18:47:03] Analysis Complete. Generating Reports...
[2026-01-12 18:47:03] Reports saved to report.csv and report.html
[2026-01-12 19:02:02] Starting Trading Bot 4.0 (Parallel + Reporting)...
[2026-01-12 19:02:03] Analyzing PLPC...
[2026-01-12 19:02:03] Analyzing EFR.TO...
[2026-01-12 19:02:03] Analyzing OUST...
[2026-01-12 19:02:03] Insufficient Data for PLPC
[2026-01-12 19:02:03] Insufficient Data for OUST
[2026-01-12 19:02:03] Insufficient Data for EFR.TO
[2026-01-12 19:02:03] Analysis Complete. Generating Reports...
[2026-01-12 19:02:03] Reports saved to report.csv and report.html
[2026-01-12 19:08:26] Starting Trading Bot 4.0 (Parallel + Reporting)...
[2026-01-12 19:08:27] Analyzing EFR.TO...
[2026-01-12 19:08:27] Analyzing PLPC...
[2026-01-12 19:08:27] Analyzing OUST...
[2026-01-12 19:08:27] https://financialmodelingprep.com/stable/search-symbol?query=OUST&apikey=qO6uKMR7LGlb1RqVoNOUrG0LrTLsX865
[2026-01-12 19:08:27] https://financialmodelingprep.com/stable/search-symbol?query=PLPC&apikey=qO6uKMR7LGlb1RqVoNOUrG0LrTLsX865
[2026-01-12 19:08:27] https://financialmodelingprep.com/stable/search-symbol?query=EFR.TO&apikey=qO6uKMR7LGlb1RqVoNOUrG0LrTLsX865
[2026-01-12 19:08:27] Insufficient Data for EFR.TO
[2026-01-12 19:08:27] Insufficient Data for PLPC
[2026-01-12 19:08:28] Insufficient Data for OUST
[2026-01-12 19:08:28] Analysis Complete. Generating Reports...
[2026-01-12 19:08:28] Reports saved to report.csv and report.html
[2026-01-12 19:16:31] Starting Trading Bot 4.0 (Parallel + Reporting)...
[2026-01-12 19:16:32] Analyzing PLPC...
[2026-01-12 19:16:32] Analyzing EFR.TO...
[2026-01-12 19:16:32] Analyzing OUST...
[2026-01-12 19:16:32] https://financialmodelingprep.com/stable/historical-price-eod/full?symbol=OUST&apikey=qO6uKMR7LGlb1RqVoNOUrG0LrTLsX865
[2026-01-12 19:16:32] https://financialmodelingprep.com/stable/historical-price-eod/full?symbol=EFR.TO&apikey=qO6uKMR7LGlb1RqVoNOUrG0LrTLsX865
[2026-01-12 19:16:32] https://financialmodelingprep.com/stable/historical-price-eod/full?symbol=PLPC&apikey=qO6uKMR7LGlb1RqVoNOUrG0LrTLsX865
[2026-01-12 19:16:33] Insufficient Data for EFR.TO
[2026-01-12 19:16:33] Insufficient Data for OUST
[2026-01-12 19:16:33] Insufficient Data for PLPC
[2026-01-12 19:16:33] Analysis Complete. Generating Reports...
[2026-01-12 19:16:33] Reports saved to report.csv and report.html
[2026-01-12 19:29:30] Starting Trading Bot 4.0 (Parallel + Reporting)...
[2026-01-12 19:29:32] Analyzing EFR.TO...
[2026-01-12 19:29:32] Analyzing OUST...
[2026-01-12 19:29:32] Analyzing PLPC...
[2026-01-12 19:29:33] Analysis Complete. Generating Reports...
[2026-01-12 19:29:33] Reports saved to report.csv and report.html
[2026-01-12 19:34:49] Starting Trading Bot 4.0 (Parallel + Reporting)...
[2026-01-12 19:34:49] Analyzing EFR.TO...
[2026-01-12 19:34:49] Analyzing PLPC...
[2026-01-12 19:34:49] Analyzing OUST...
[2026-01-12 19:34:50] Fetched 5 headlines for EFR.TO
[2026-01-12 19:34:50] Analysis Complete. Generating Reports...
[2026-01-12 19:34:50] Reports saved to report.csv and report.html
[2026-01-12 19:35:47] Starting Trading Bot 4.0 (Parallel + Reporting)...
[2026-01-12 19:35:48] Analyzing PLPC...
[2026-01-12 19:35:48] Analyzing EFR.TO...
[2026-01-12 19:35:48] Analyzing OUST...
[2026-01-12 19:35:48] Fetched 5 headlines for EFR.TO
[2026-01-12 19:35:49] Analysis Complete. Generating Reports...
[2026-01-12 19:35:49] Reports saved to report.csv and report.html
[2026-01-12 19:47:00] Starting Trading Bot 4.0 (Parallel + Reporting)...
[2026-01-12 19:47:01] Analyzing PLPC...
[2026-01-12 19:47:01] Analyzing OUST...
[2026-01-12 19:47:01] Analyzing EFR.TO...
[2026-01-12 19:47:01] Fetched 5 headlines for OUST
[2026-01-12 19:47:02] Fetched 5 headlines for PLPC
[2026-01-12 19:47:02] Fetched 5 headlines for EFR.TO
[2026-01-12 19:47:03] Analysis Complete. Generating Reports...
[2026-01-12 19:47:03] Reports saved to report.csv and report.html
[2026-01-12 19:53:13] Starting Trading Bot 4.0 (Parallel + Reporting)...
[2026-01-12 19:53:14] Analyzing PLPC...
[2026-01-12 19:53:14] Analyzing OUST...
[2026-01-12 19:53:14] Analyzing EFR.TO...
[2026-01-12 19:53:14] Analyzing FLT.V...
[2026-01-12 19:53:14] Analyzing MDA.TO...
[2026-01-12 19:53:15] Fetched 5 headlines for EFR.TO
[2026-01-12 19:53:15] Fetched 5 headlines for OUST
[2026-01-12 19:53:15] Fetched 5 headlines for PLPC
[2026-01-12 19:53:15] Fetched 5 headlines for MDA.TO
[2026-01-12 19:53:15] Fetched 5 headlines for FLT.V
[2026-01-12 19:53:16] Analysis Complete. Generating Reports...
[2026-01-12 19:53:16] Reports saved to report.csv and report.html
[2026-01-12 20:23:09] Starting Trading Bot 4.0 (Parallel + Reporting)...
[2026-01-12 20:23:10] Analyzing PLPC...
[2026-01-12 20:23:10] Analyzing EFR.TO...
[2026-01-12 20:23:10] Analyzing OUST...
[2026-01-12 20:23:10] Analyzing FLT.V...
[2026-01-12 20:23:10] Analyzing MDA.TO...
[2026-01-12 20:23:10] Analyzing PSTG...
[2026-01-12 20:23:11] Fetched 5 headlines for FLT.V
[2026-01-12 20:23:11] Fetched 5 headlines for PLPC
[2026-01-12 20:23:11] Fetched 5 headlines for PSTG
[2026-01-12 20:23:11] Fetched 5 headlines for MDA.TO
[2026-01-12 20:23:11] Fetched 5 headlines for EFR.TO
[2026-01-12 20:23:11] Fetched 5 headlines for OUST
[2026-01-12 20:23:12] Analysis Complete. Generating Reports...
[2026-01-12 20:23:12] Reports saved to report.csv and report.html
[2026-01-12 20:23:59] Starting Trading Bot 4.0 (Parallel + Reporting)...
[2026-01-12 20:24:00] Analyzing EFR.TO...
[2026-01-12 20:24:00] Analyzing OUST...
[2026-01-12 20:24:00] Analyzing PLPC...
[2026-01-12 20:24:00] Analyzing PSTG...
[2026-01-12 20:24:00] Analyzing GOOGL...
[2026-01-12 20:24:00] Analyzing MDA.TO...
[2026-01-12 20:24:00] Analyzing FLT.V...
[2026-01-12 20:24:00] Fetched 5 headlines for OUST
[2026-01-12 20:24:00] Fetched 5 headlines for FLT.V
[2026-01-12 20:24:00] Fetched 5 headlines for MDA.TO
[2026-01-12 20:24:00] Fetched 5 headlines for PSTG
[2026-01-12 20:24:00] Fetched 5 headlines for EFR.TO
[2026-01-12 20:24:00] Fetched 5 headlines for PLPC
[2026-01-12 20:24:00] Fetched 5 headlines for GOOGL
[2026-01-12 20:24:01] Analysis Complete. Generating Reports...
[2026-01-12 20:24:01] Reports saved to report.csv and report.html
[2026-01-12 20:24:31] Starting Trading Bot 4.0 (Parallel + Reporting)...
[2026-01-12 20:24:32] Analyzing EFR.TO...
[2026-01-12 20:24:32] Analyzing OUST...
[2026-01-12 20:24:32] Analyzing PLPC...
[2026-01-12 20:24:32] Analyzing FLT.V...
[2026-01-12 20:24:32] Analyzing MDA.TO...
[2026-01-12 20:24:32] Analyzing PSTG...
[2026-01-12 20:24:32] Analyzing ENS...
[2026-01-12 20:24:32] Analyzing VLN...
[2026-01-12 20:24:33] Fetched 5 headlines for OUST
[2026-01-12 20:24:33] Fetched 5 headlines for MDA.TO
[2026-01-12 20:24:33] Fetched 5 headlines for EFR.TO
[2026-01-12 20:24:33] Fetched 5 headlines for PLPC
[2026-01-12 20:24:33] Fetched 5 headlines for FLT.V
[2026-01-12 20:24:33] Fetched 5 headlines for PSTG
[2026-01-12 20:24:33] Fetched 5 headlines for VLN
[2026-01-12 20:24:33] Fetched 5 headlines for ENS
[2026-01-12 20:24:34] Analysis Complete. Generating Reports...
[2026-01-12 20:24:34] Reports saved to report.csv and report.html
[2026-01-13 07:12:42] Starting Trading Bot 4.0 (Parallel + Reporting)...
[2026-01-13 07:12:43] Analyzing EFR.TO...
[2026-01-13 07:12:43] Analyzing VLN...
[2026-01-13 07:12:43] Analyzing UMAC...
[2026-01-13 07:12:43] Analyzing PLPC...
[2026-01-13 07:12:43] Analyzing PSTG...
[2026-01-13 07:12:43] Analyzing ENS...
[2026-01-13 07:12:43] Analyzing MDA.TO...
[2026-01-13 07:12:43] Analyzing FLT.V...
[2026-01-13 07:12:43] Analyzing TSAT.TO...
[2026-01-13 07:12:43] Analyzing OUST...
[2026-01-13 07:12:43] Analyzing NEO.TO...
[2026-01-13 07:12:44] Fetched 5 headlines for TSAT.TO
[2026-01-13 07:12:44] Fetched 5 headlines for FLT.V
[2026-01-13 07:12:44] Fetched 5 headlines for OUST
[2026-01-13 07:12:44] Fetched 5 headlines for ENS
[2026-01-13 07:12:44] Fetched 5 headlines for PSTG
[2026-01-13 07:12:44] Fetched 5 headlines for NEO.TO
[2026-01-13 07:12:44] Fetched 5 headlines for PLPC
[2026-01-13 07:12:44] Fetched 5 headlines for EFR.TO
[2026-01-13 07:12:44] Fetched 5 headlines for MDA.TO
[2026-01-13 07:12:44] Fetched 5 headlines for VLN
[2026-01-13 07:12:44] Fetched 5 headlines for UMAC
[2026-01-13 07:12:45] Analysis Complete. Generating Reports...
[2026-01-13 07:12:45] Reports saved to report.csv and report.html
[2026-01-13 10:30:18] Starting Trading Bot 4.0 (Parallel + Reporting)...
[2026-01-13 10:30:19] Analyzing PLPC...
[2026-01-13 10:30:19] Analyzing EFR.TO...
[2026-01-13 10:30:19] Analyzing FLT.V...
[2026-01-13 10:30:19] Analyzing OUST...
[2026-01-13 10:30:19] Analyzing MDA.TO...
[2026-01-13 10:30:19] Analyzing NEO.TO...
[2026-01-13 10:30:19] Analyzing ENS...
[2026-01-13 10:30:19] Analyzing VLN...
[2026-01-13 10:30:19] Analyzing TSAT.TO...
[2026-01-13 10:30:19] Analyzing UMAC...
[2026-01-13 10:30:19] Analyzing PSTG...
[2026-01-13 10:30:19] Fetched 5 headlines for MDA.TO
[2026-01-13 10:30:19] Fetched 5 headlines for FLT.V
[2026-01-13 10:30:19] Fetched 5 headlines for VLN
[2026-01-13 10:30:19] Fetched 5 headlines for EFR.TO
[2026-01-13 10:30:19] Fetched 5 headlines for OUST
[2026-01-13 10:30:19] Fetched 5 headlines for PSTG
[2026-01-13 10:30:19] Fetched 5 headlines for NEO.TO
[2026-01-13 10:30:19] Fetched 5 headlines for ENS
[2026-01-13 10:30:19] Fetched 5 headlines for UMAC
[2026-01-13 10:30:19] Fetched 5 headlines for TSAT.TO
[2026-01-13 10:30:20] Fetched 5 headlines for PLPC
[2026-01-13 10:30:20] Analysis Complete. Generating Reports...
[2026-01-13 10:30:20] Reports saved to report.csv and report.html
[2026-01-13 10:35:45] Starting Trading Bot 4.0 (Parallel + Reporting)...
[2026-01-13 10:35:46] Analyzing PLPC...
[2026-01-13 10:35:46] Analyzing MDA.TO...
[2026-01-13 10:35:46] Analyzing VLN...
[2026-01-13 10:35:46] Analyzing ENS...
[2026-01-13 10:35:46] Analyzing OUST...
[2026-01-13 10:35:46] Analyzing FLT.V...
[2026-01-13 10:35:46] Analyzing TSAT.TO...
[2026-01-13 10:35:46] Analyzing PSTG...
[2026-01-13 10:35:46] Analyzing UMAC...
[2026-01-13 10:35:46] Analyzing NEO.TO...
[2026-01-13 10:35:46] Analyzing EFR.TO...
[2026-01-13 10:35:46] Analyzing AMKR...
[2026-01-13 10:35:47] Fetched 5 headlines for PSTG
[2026-01-13 10:35:47] Fetched 5 headlines for NEO.TO
[2026-01-13 10:35:47] Fetched 5 headlines for FLT.V
[2026-01-13 10:35:47] Fetched 5 headlines for EFR.TO
[2026-01-13 10:35:47] Fetched 5 headlines for VLN
[2026-01-13 10:35:47] Fetched 5 headlines for TSAT.TO
[2026-01-13 10:35:47] Fetched 5 headlines for MDA.TO
[2026-01-13 10:35:47] Fetched 5 headlines for OUST
[2026-01-13 10:35:47] Fetched 5 headlines for AMKR
[2026-01-13 10:35:47] Fetched 5 headlines for PLPC
[2026-01-13 10:35:47] Fetched 5 headlines for UMAC
[2026-01-13 10:35:47] Fetched 5 headlines for ENS
[2026-01-13 10:35:48] Analysis Complete. Generating Reports...
[2026-01-13 10:35:48] Reports saved to report.csv and report.html
[2026-01-13 13:02:06] Starting Trading Bot 4.0 (Parallel + Reporting)...
[2026-01-13 13:02:07] Analyzing PLPC...
[2026-01-13 13:02:07] Analyzing EFR.TO...
[2026-01-13 13:02:07] Analyzing FLT.V...
[2026-01-13 13:02:07] Analyzing OUST...
[2026-01-13 13:02:07] Analyzing MDA.TO...
[2026-01-13 13:02:07] Analyzing INTC...
[2026-01-13 13:02:07] Analyzing ENS...
[2026-01-13 13:02:07] Analyzing ENS...
[2026-01-13 13:02:07] Analyzing VLN...
[2026-01-13 13:02:07] Analyzing TSAT.TO...
[2026-01-13 13:02:07] Analyzing UMAC...
[2026-01-13 13:02:07] Analyzing NEO.TO...
[2026-01-13 13:02:07] Analyzing AMKR...
[2026-01-13 13:02:07] Analyzing PSTG...
[2026-01-13 13:02:07] Analyzing GOOGL...
[2026-01-13 13:02:07] Fetched 5 headlines for EFR.TO
[2026-01-13 13:02:07] Fetched 5 headlines for FLT.V
[2026-01-13 13:02:07] Fetched 5 headlines for VLN
[2026-01-13 13:02:07] Fetched 5 headlines for AMKR
[2026-01-13 13:02:07] Fetched 5 headlines for INTC
[2026-01-13 13:02:07] Fetched 5 headlines for UMAC
[2026-01-13 13:02:07] Fetched 5 headlines for ENS
[2026-01-13 13:02:07] Fetched 5 headlines for TSAT.TO
[2026-01-13 13:02:07] Fetched 5 headlines for ENS
[2026-01-13 13:02:07] Fetched 5 headlines for GOOGL
[2026-01-13 13:02:07] Fetched 5 headlines for PLPC
[2026-01-13 13:02:07] Fetched 5 headlines for OUST
[2026-01-13 13:02:07] Fetched 5 headlines for NEO.TO
[2026-01-13 13:02:07] Fetched 5 headlines for MDA.TO
[2026-01-13 13:02:07] Fetched 5 headlines for PSTG
[2026-01-13 13:02:08] Analysis Complete. Generating Reports...
[2026-01-13 13:02:08] Reports saved to report.csv and report.html
[2026-01-14 06:23:44] Starting Trading Bot 4.0 (Parallel + Reporting)...
[2026-01-14 06:23:45] Analyzing EFR.TO...
[2026-01-14 06:23:45] Analyzing ENS...
[2026-01-14 06:23:45] Analyzing VLN...
[2026-01-14 06:23:45] Analyzing PSTG...
[2026-01-14 06:23:45] Analyzing GOOGL...
[2026-01-14 06:23:45] Analyzing UMAC...
[2026-01-14 06:23:45] Analyzing OUST...
[2026-01-14 06:23:45] Analyzing NEO.TO...
[2026-01-14 06:23:45] Analyzing AMKR...
[2026-01-14 06:23:45] Analyzing FLT.V...
[2026-01-14 06:23:45] Analyzing INTC...
[2026-01-14 06:23:45] Analyzing TSAT.TO...
[2026-01-14 06:23:45] Analyzing MDA.TO...
[2026-01-14 06:23:45] Analyzing ENS...
[2026-01-14 06:23:45] Analyzing PLPC...
[2026-01-14 06:23:45] Analyzing FLKR...
[2026-01-14 06:23:45] Analyzing EWY...
[2026-01-14 06:23:47] Fetched 5 headlines for ENS
[2026-01-14 06:23:47] Fetched 5 headlines for PSTG
[2026-01-14 06:23:47] Fetched 5 headlines for AMKR
[2026-01-14 06:23:47] Fetched 5 headlines for EFR.TO
[2026-01-14 06:23:47] Fetched 5 headlines for ENS
[2026-01-14 06:23:47] Fetched 5 headlines for EWY
[2026-01-14 06:23:47] Fetched 5 headlines for PLPC
[2026-01-14 06:23:47] Fetched 5 headlines for UMAC
[2026-01-14 06:23:47] Fetched 5 headlines for MDA.TO
[2026-01-14 06:23:47] Fetched 5 headlines for GOOGL
[2026-01-14 06:23:47] Fetched 5 headlines for FLT.V
[2026-01-14 06:23:47] Fetched 1 headlines for FLKR
[2026-01-14 06:23:47] Fetched 5 headlines for OUST
[2026-01-14 06:23:47] Fetched 5 headlines for INTC
[2026-01-14 06:23:47] Fetched 5 headlines for VLN
[2026-01-14 06:23:47] Fetched 5 headlines for NEO.TO
[2026-01-14 06:23:47] Fetched 5 headlines for TSAT.TO
[2026-01-14 06:23:48] Analysis Complete. Generating Reports...
[2026-01-14 06:23:48] Reports saved to report.csv and report.html
[2026-01-14 10:38:46] Starting Trading Bot 4.0 (Parallel + Reporting)...
[2026-01-14 10:38:47] Analyzing PLPC...
[2026-01-14 10:38:47] Analyzing FLT.V...
[2026-01-14 10:38:47] Analyzing MDA.TO...
[2026-01-14 10:38:47] Analyzing EFR.TO...
[2026-01-14 10:38:47] Analyzing PSTG...
[2026-01-14 10:38:47] Analyzing ENS...
[2026-01-14 10:38:47] Analyzing ENS...
[2026-01-14 10:38:47] Analyzing VLN...
[2026-01-14 10:38:47] Analyzing TSAT.TO...
[2026-01-14 10:38:47] Analyzing UMAC...
[2026-01-14 10:38:47] Analyzing NEO.TO...
[2026-01-14 10:38:47] Analyzing AMKR...
[2026-01-14 10:38:47] Analyzing INTC...
[2026-01-14 10:38:47] Analyzing GOOGL...
[2026-01-14 10:38:47] Analyzing OUST...
[2026-01-14 10:38:47] Analyzing FLKR...
[2026-01-14 10:38:47] Analyzing EWY...
[2026-01-14 10:38:48] Fetched 5 headlines for UMAC
[2026-01-14 10:38:48] Fetched 1 headlines for FLKR
[2026-01-14 10:38:48] Fetched 5 headlines for GOOGL
[2026-01-14 10:38:48] Fetched 5 headlines for OUST
[2026-01-14 10:38:48] Fetched 5 headlines for ENS
[2026-01-14 10:38:48] Fetched 5 headlines for INTC
[2026-01-14 10:38:48] Fetched 5 headlines for VLN
[2026-01-14 10:38:48] Fetched 5 headlines for NEO.TO
[2026-01-14 10:38:48] Fetched 5 headlines for ENS
[2026-01-14 10:38:48] Fetched 5 headlines for PSTG
[2026-01-14 10:38:48] Fetched 5 headlines for PLPC
[2026-01-14 10:38:48] Fetched 5 headlines for TSAT.TO
[2026-01-14 10:38:48] Fetched 5 headlines for EWY
[2026-01-14 10:38:48] Fetched 5 headlines for EFR.TO
[2026-01-14 10:38:48] Fetched 5 headlines for FLT.V
[2026-01-14 10:38:48] Fetched 5 headlines for MDA.TO
[2026-01-14 10:38:48] Fetched 5 headlines for AMKR
[2026-01-14 10:38:49] Analysis Complete. Generating Reports...
[2026-01-14 10:38:49] Reports saved to report.csv and report.html
[2026-01-15 07:13:01] Starting Trading Bot 4.0 (Parallel + Reporting)...
[2026-01-15 07:13:02] Analyzing OUST...
[2026-01-15 07:13:02] Analyzing AMKR...
[2026-01-15 07:13:02] Analyzing EFR.TO...
[2026-01-15 07:13:02] Analyzing ENS...
[2026-01-15 07:13:02] Analyzing FLT.V...
[2026-01-15 07:13:02] Analyzing MDA.TO...
[2026-01-15 07:13:02] Analyzing PSTG...
[2026-01-15 07:13:02] Analyzing TSAT.TO...
[2026-01-15 07:13:02] Analyzing UMAC...
[2026-01-15 07:13:02] Analyzing PLPC...
[2026-01-15 07:13:02] Analyzing NEO.TO...
[2026-01-15 07:13:02] Analyzing VLN...
[2026-01-15 07:13:02] Analyzing INTC...
[2026-01-15 07:13:02] Analyzing GOOGL...
[2026-01-15 07:13:02] Analyzing ENS...
[2026-01-15 07:13:02] Analyzing FLKR...
[2026-01-15 07:13:02] Analyzing EWY...
[2026-01-15 07:13:03] Fetched 5 headlines for INTC
[2026-01-15 07:13:03] Fetched 5 headlines for UMAC
[2026-01-15 07:13:03] Fetched 5 headlines for PSTG
[2026-01-15 07:13:03] Fetched 1 headlines for FLKR
[2026-01-15 07:13:03] Fetched 5 headlines for VLN
[2026-01-15 07:13:03] Fetched 5 headlines for PLPC
[2026-01-15 07:13:03] Fetched 5 headlines for NEO.TO
[2026-01-15 07:13:03] Fetched 5 headlines for FLT.V
[2026-01-15 07:13:03] Fetched 5 headlines for AMKR
[2026-01-15 07:13:03] Fetched 5 headlines for ENS
[2026-01-15 07:13:03] Fetched 5 headlines for OUST
[2026-01-15 07:13:03] Fetched 5 headlines for ENS
[2026-01-15 07:13:03] Fetched 5 headlines for TSAT.TO
[2026-01-15 07:13:03] Fetched 5 headlines for EWY
[2026-01-15 07:13:03] Fetched 5 headlines for EFR.TO
[2026-01-15 07:13:03] Fetched 5 headlines for GOOGL
[2026-01-15 07:13:03] Fetched 5 headlines for MDA.TO
[2026-01-15 07:13:04] Analysis Complete. Generating Reports...
[2026-01-15 07:13:04] Reports saved to report.csv and report.html
[2026-01-16 07:18:42] Starting Trading Bot 4.0 (Parallel + Reporting)...
[2026-01-16 07:18:43] Analyzing PLPC...
[2026-01-16 07:18:43] Analyzing EWY...
[2026-01-16 07:18:43] Analyzing VLN...
[2026-01-16 07:18:43] Analyzing PSTG...
[2026-01-16 07:18:43] Analyzing AMKR...
[2026-01-16 07:18:43] Analyzing ENS...
[2026-01-16 07:18:43] Analyzing FLT.V...
[2026-01-16 07:18:43] Analyzing EFR.TO...
[2026-01-16 07:18:43] Analyzing TSAT.TO...
[2026-01-16 07:18:43] Analyzing UMAC...
[2026-01-16 07:18:43] Analyzing NEO.TO...
[2026-01-16 07:18:43] Analyzing MDA.TO...
[2026-01-16 07:18:43] Analyzing INTC...
[2026-01-16 07:18:43] Analyzing GOOGL...
[2026-01-16 07:18:43] Analyzing ENS...
[2026-01-16 07:18:43] Analyzing FLKR...
[2026-01-16 07:18:43] Analyzing OUST...
[2026-01-16 07:18:44] Fetched 5 headlines for ENS
[2026-01-16 07:18:44] Fetched 5 headlines for UMAC
[2026-01-16 07:18:44] Fetched 1 headlines for FLKR
[2026-01-16 07:18:44] Fetched 5 headlines for EFR.TO
[2026-01-16 07:18:44] Fetched 5 headlines for INTC
[2026-01-16 07:18:44] Fetched 5 headlines for ENS
[2026-01-16 07:18:44] Fetched 5 headlines for EWY
[2026-01-16 07:18:44] Fetched 5 headlines for VLN
[2026-01-16 07:18:44] Fetched 5 headlines for AMKR
[2026-01-16 07:18:44] Fetched 5 headlines for NEO.TO
[2026-01-16 07:18:44] Fetched 5 headlines for TSAT.TO
[2026-01-16 07:18:44] Fetched 5 headlines for FLT.V
[2026-01-16 07:18:44] Fetched 5 headlines for PLPC
[2026-01-16 07:18:45] Fetched 5 headlines for OUST
[2026-01-16 07:18:45] Fetched 5 headlines for GOOGL
[2026-01-16 07:18:45] Fetched 5 headlines for MDA.TO
[2026-01-16 07:18:45] Fetched 5 headlines for PSTG
[2026-01-16 07:18:46] Analysis Complete. Generating Reports...
[2026-01-16 07:18:46] Reports saved to report.csv and report.html
[2026-01-16 11:14:28] Starting Trading Bot 4.0 (Parallel + Reporting)...
[2026-01-16 11:14:29] Analyzing PLPC...
[2026-01-16 11:14:29] Analyzing EFR.TO...
[2026-01-16 11:14:29] Analyzing UMAC...
[2026-01-16 11:14:29] Analyzing AMKR...
[2026-01-16 11:14:29] Analyzing INTC...
[2026-01-16 11:14:29] Analyzing MDA.TO...
[2026-01-16 11:14:29] Analyzing EWY...
[2026-01-16 11:14:29] Analyzing VLN...
[2026-01-16 11:14:29] Analyzing TSAT.TO...
[2026-01-16 11:14:29] Analyzing PSTG...
[2026-01-16 11:14:29] Analyzing NEO.TO...
[2026-01-16 11:14:29] Analyzing OUST...
[2026-01-16 11:14:29] Analyzing ENS...
[2026-01-16 11:14:29] Analyzing GOOGL...
[2026-01-16 11:14:29] Analyzing ENS...
[2026-01-16 11:14:29] Analyzing FLKR...
[2026-01-16 11:14:29] Analyzing FLT.V...
[2026-01-16 11:14:29] Analyzing SEA.V...
[2026-01-16 11:14:29] Insufficient Data for SEA.V
[2026-01-16 11:14:29] Fetched 5 headlines for AMKR
[2026-01-16 11:14:29] Fetched 5 headlines for FLT.V
[2026-01-16 11:14:29] Fetched 5 headlines for TSAT.TO
[2026-01-16 11:14:29] Fetched 5 headlines for PLPC
[2026-01-16 11:14:29] Fetched 5 headlines for UMAC
[2026-01-16 11:14:29] Fetched 5 headlines for OUST
[2026-01-16 11:14:29] Fetched 5 headlines for ENS
[2026-01-16 11:14:29] Fetched 5 headlines for EWY
[2026-01-16 11:14:29] Fetched 1 headlines for FLKR
[2026-01-16 11:14:29] Fetched 5 headlines for MDA.TO
[2026-01-16 11:14:29] Fetched 5 headlines for PSTG
[2026-01-16 11:14:29] Fetched 5 headlines for VLN
[2026-01-16 11:14:29] Fetched 5 headlines for GOOGL
[2026-01-16 11:14:29] Fetched 5 headlines for ENS
[2026-01-16 11:14:30] Fetched 5 headlines for INTC
[2026-01-16 11:14:30] Fetched 5 headlines for EFR.TO
[2026-01-16 11:14:30] Fetched 5 headlines for NEO.TO
[2026-01-16 11:14:30] Analysis Complete. Generating Reports...
[2026-01-16 11:14:30] Reports saved to report.csv and report.html
[2026-01-16 11:14:46] Starting Trading Bot 4.0 (Parallel + Reporting)...
[2026-01-16 11:14:47] Analyzing PLPC...
[2026-01-16 11:14:47] Analyzing FLT.V...
[2026-01-16 11:14:47] Analyzing EFR.TO...
[2026-01-16 11:14:47] Analyzing EWY...
[2026-01-16 11:14:47] Analyzing NEO.TO...
[2026-01-16 11:14:47] Analyzing MDA.TO...
[2026-01-16 11:14:47] Analyzing TSAT.TO...
[2026-01-16 11:14:47] Analyzing PSTG...
[2026-01-16 11:14:47] Analyzing AMKR...
[2026-01-16 11:14:47] Analyzing GOOGL...
[2026-01-16 11:14:47] Analyzing UMAC...
[2026-01-16 11:14:47] Analyzing INTC...
[2026-01-16 11:14:47] Analyzing ENS...
[2026-01-16 11:14:47] Analyzing VLN...
[2026-01-16 11:14:47] Analyzing ENS...
[2026-01-16 11:14:47] Analyzing FLKR...
[2026-01-16 11:14:47] Analyzing SEA.TO...
[2026-01-16 11:14:47] Analyzing OUST...
[2026-01-16 11:14:47] Fetched 5 headlines for VLN
[2026-01-16 11:14:47] Fetched 5 headlines for TSAT.TO
[2026-01-16 11:14:47] Fetched 5 headlines for FLT.V
[2026-01-16 11:14:47] Fetched 5 headlines for INTC
[2026-01-16 11:14:47] Fetched 5 headlines for MDA.TO
[2026-01-16 11:14:47] Fetched 5 headlines for ENS
[2026-01-16 11:14:47] Fetched 5 headlines for AMKR
[2026-01-16 11:14:47] Fetched 5 headlines for NEO.TO
[2026-01-16 11:14:47] Fetched 5 headlines for PLPC
[2026-01-16 11:14:47] Fetched 5 headlines for ENS
[2026-01-16 11:14:47] Fetched 5 headlines for EWY
[2026-01-16 11:14:47] Fetched 5 headlines for GOOGL
[2026-01-16 11:14:47] Fetched 1 headlines for FLKR
[2026-01-16 11:14:47] Fetched 5 headlines for UMAC
[2026-01-16 11:14:47] Fetched 5 headlines for EFR.TO
[2026-01-16 11:14:47] Fetched 5 headlines for PSTG
[2026-01-16 11:14:47] Fetched 5 headlines for OUST
[2026-01-16 11:14:48] Fetched 5 headlines for SEA.TO
[2026-01-16 11:14:49] Analysis Complete. Generating Reports...
[2026-01-16 11:14:49] Reports saved to report.csv and report.html
[2026-01-16 11:17:18] Starting Trading Bot 4.0 (Parallel + Reporting)...
[2026-01-16 11:17:19] Analyzing EFR.TO...
[2026-01-16 11:17:19] Analyzing FLT.V...
[2026-01-16 11:17:19] Analyzing VLN...
[2026-01-16 11:17:19] Analyzing OUST...
[2026-01-16 11:17:19] Analyzing MDA.TO...
[2026-01-16 11:17:19] Analyzing ENS...
[2026-01-16 11:17:19] Analyzing PSTG...
[2026-01-16 11:17:19] Analyzing ENS...
[2026-01-16 11:17:19] Analyzing TSAT.TO...
[2026-01-16 11:17:19] Analyzing UMAC...
[2026-01-16 11:17:19] Analyzing NEO.TO...
[2026-01-16 11:17:19] Analyzing AMKR...
[2026-01-16 11:17:19] Analyzing INTC...
[2026-01-16 11:17:19] Analyzing GOOGL...
[2026-01-16 11:17:19] Analyzing PLPC...
[2026-01-16 11:17:19] Analyzing EWY...
[2026-01-16 11:17:19] Analyzing SEA.TO...
[2026-01-16 11:17:19] Analyzing LZM...
[2026-01-16 11:17:19] Analyzing FLKR...
[2026-01-16 11:17:19] Analyzing GRSL.V...
[2026-01-16 11:17:20] Fetched 5 headlines for VLN
[2026-01-16 11:17:20] Fetched 5 headlines for UMAC
[2026-01-16 11:17:20] Fetched 5 headlines for NEO.TO
[2026-01-16 11:17:20] Fetched 5 headlines for SEA.TO
[2026-01-16 11:17:20] Fetched 5 headlines for TSAT.TO
[2026-01-16 11:17:20] Fetched 5 headlines for EWY
[2026-01-16 11:17:20] Fetched 5 headlines for AMKR
[2026-01-16 11:17:20] Fetched 5 headlines for EFR.TO
[2026-01-16 11:17:20] Fetched 5 headlines for ENS
[2026-01-16 11:17:20] Fetched 1 headlines for FLKR
[2026-01-16 11:17:20] Fetched 5 headlines for FLT.V
[2026-01-16 11:17:20] Fetched 5 headlines for INTC
[2026-01-16 11:17:20] Fetched 5 headlines for GOOGL
[2026-01-16 11:17:20] Fetched 5 headlines for ENS
[2026-01-16 11:17:20] Fetched 5 headlines for MDA.TO
[2026-01-16 11:17:20] Fetched 5 headlines for OUST
[2026-01-16 11:17:20] Fetched 5 headlines for PSTG
[2026-01-16 11:17:20] Fetched 5 headlines for PLPC
[2026-01-16 11:17:20] Fetched 5 headlines for LZM
[2026-01-16 11:17:20] Fetched 5 headlines for GRSL.V
[2026-01-16 11:17:21] Analysis Complete. Generating Reports...
[2026-01-16 11:17:21] Reports saved to report.csv and report.html
[2026-01-16 11:42:19] Starting Trading Bot 4.0 (Parallel + Reporting)...
[2026-01-16 11:42:20] Analyzing PLPC...
[2026-01-16 11:42:20] Analyzing PSTG...
[2026-01-16 11:42:20] Analyzing UMAC...
[2026-01-16 11:42:20] Analyzing OUST...
[2026-01-16 11:42:20] Analyzing EFR.TO...
[2026-01-16 11:42:20] Analyzing TSAT.TO...
[2026-01-16 11:42:20] Analyzing ENS...
[2026-01-16 11:42:20] Analyzing EWY...
[2026-01-16 11:42:20] Analyzing SEA.TO...
[2026-01-16 11:42:20] Analyzing GRSL.V...
[2026-01-16 11:42:20] Analyzing NEO.TO...
[2026-01-16 11:42:20] Analyzing AMKR...
[2026-01-16 11:42:20] Analyzing INTC...
[2026-01-16 11:42:20] Analyzing GOOGL...
[2026-01-16 11:42:20] Analyzing VLN...
[2026-01-16 11:42:20] Analyzing FLKR...
[2026-01-16 11:42:20] Analyzing FLT.V...
[2026-01-16 11:42:20] Analyzing ENS...
[2026-01-16 11:42:20] Analyzing LZM...
[2026-01-16 11:42:20] Analyzing MDA.TO...
[2026-01-16 11:42:20] Analyzing SYNA...
[2026-01-16 11:42:20] Fetched 5 headlines for GOOGL
[2026-01-16 11:42:20] Fetched 5 headlines for MDA.TO
[2026-01-16 11:42:20] Fetched 5 headlines for NEO.TO
[2026-01-16 11:42:20] Fetched 5 headlines for EFR.TO
[2026-01-16 11:42:20] Fetched 5 headlines for AMKR
[2026-01-16 11:42:21] Fetched 5 headlines for ENS
[2026-01-16 11:42:21] Fetched 5 headlines for VLN
[2026-01-16 11:42:21] Fetched 1 headlines for FLKR
[2026-01-16 11:42:21] Fetched 5 headlines for LZM
[2026-01-16 11:42:21] Fetched 5 headlines for UMAC
[2026-01-16 11:42:21] Fetched 5 headlines for PLPC
[2026-01-16 11:42:21] Fetched 5 headlines for INTC
[2026-01-16 11:42:21] Fetched 5 headlines for OUST
[2026-01-16 11:42:21] Fetched 5 headlines for EWY
[2026-01-16 11:42:21] Fetched 5 headlines for SYNA
[2026-01-16 11:42:21] Fetched 5 headlines for SEA.TO
[2026-01-16 11:42:21] Fetched 5 headlines for ENS
[2026-01-16 11:42:21] Fetched 5 headlines for TSAT.TO
[2026-01-16 11:42:21] Fetched 5 headlines for FLT.V
[2026-01-16 11:42:21] Fetched 5 headlines for GRSL.V
[2026-01-16 11:42:21] Fetched 5 headlines for PSTG
[2026-01-16 11:42:22] Analysis Complete. Generating Reports...
[2026-01-16 11:42:22] Reports saved to report.csv and report.html
